2026-01-20 19:36:48,521:WARNING:
'cuml' is a soft dependency and not included in the pycaret installation. Please run: `pip install cuml` to install.
2026-01-20 19:36:48,521:WARNING:
'cuml' is a soft dependency and not included in the pycaret installation. Please run: `pip install cuml` to install.
2026-01-20 19:36:48,521:WARNING:
'cuml' is a soft dependency and not included in the pycaret installation. Please run: `pip install cuml` to install.
2026-01-20 19:36:48,521:WARNING:
'cuml' is a soft dependency and not included in the pycaret installation. Please run: `pip install cuml` to install.
2026-01-20 19:40:19,837:WARNING:
'cuml' is a soft dependency and not included in the pycaret installation. Please run: `pip install cuml` to install.
2026-01-20 19:40:19,838:WARNING:
'cuml' is a soft dependency and not included in the pycaret installation. Please run: `pip install cuml` to install.
2026-01-20 19:40:19,838:WARNING:
'cuml' is a soft dependency and not included in the pycaret installation. Please run: `pip install cuml` to install.
2026-01-20 19:40:19,838:WARNING:
'cuml' is a soft dependency and not included in the pycaret installation. Please run: `pip install cuml` to install.
2026-01-20 19:41:24,327:WARNING:
'cuml' is a soft dependency and not included in the pycaret installation. Please run: `pip install cuml` to install.
2026-01-20 19:41:24,327:WARNING:
'cuml' is a soft dependency and not included in the pycaret installation. Please run: `pip install cuml` to install.
2026-01-20 19:41:24,327:WARNING:
'cuml' is a soft dependency and not included in the pycaret installation. Please run: `pip install cuml` to install.
2026-01-20 19:41:24,327:WARNING:
'cuml' is a soft dependency and not included in the pycaret installation. Please run: `pip install cuml` to install.
2026-01-20 19:44:15,514:WARNING:
'cuml' is a soft dependency and not included in the pycaret installation. Please run: `pip install cuml` to install.
2026-01-20 19:44:15,514:WARNING:
'cuml' is a soft dependency and not included in the pycaret installation. Please run: `pip install cuml` to install.
2026-01-20 19:44:15,514:WARNING:
'cuml' is a soft dependency and not included in the pycaret installation. Please run: `pip install cuml` to install.
2026-01-20 19:44:15,514:WARNING:
'cuml' is a soft dependency and not included in the pycaret installation. Please run: `pip install cuml` to install.
2026-01-20 19:53:32,228:WARNING:
'cuml' is a soft dependency and not included in the pycaret installation. Please run: `pip install cuml` to install.
2026-01-20 19:53:32,228:WARNING:
'cuml' is a soft dependency and not included in the pycaret installation. Please run: `pip install cuml` to install.
2026-01-20 19:53:32,228:WARNING:
'cuml' is a soft dependency and not included in the pycaret installation. Please run: `pip install cuml` to install.
2026-01-20 19:53:32,228:WARNING:
'cuml' is a soft dependency and not included in the pycaret installation. Please run: `pip install cuml` to install.
2026-01-20 19:53:56,004:WARNING:
'cuml' is a soft dependency and not included in the pycaret installation. Please run: `pip install cuml` to install.
2026-01-20 19:53:56,004:WARNING:
'cuml' is a soft dependency and not included in the pycaret installation. Please run: `pip install cuml` to install.
2026-01-20 19:53:56,004:WARNING:
'cuml' is a soft dependency and not included in the pycaret installation. Please run: `pip install cuml` to install.
2026-01-20 19:53:56,004:WARNING:
'cuml' is a soft dependency and not included in the pycaret installation. Please run: `pip install cuml` to install.
2026-01-20 19:57:06,656:WARNING:
'cuml' is a soft dependency and not included in the pycaret installation. Please run: `pip install cuml` to install.
2026-01-20 19:57:06,656:WARNING:
'cuml' is a soft dependency and not included in the pycaret installation. Please run: `pip install cuml` to install.
2026-01-20 19:57:06,656:WARNING:
'cuml' is a soft dependency and not included in the pycaret installation. Please run: `pip install cuml` to install.
2026-01-20 19:57:06,656:WARNING:
'cuml' is a soft dependency and not included in the pycaret installation. Please run: `pip install cuml` to install.
2026-01-20 20:11:52,948:WARNING:
'cuml' is a soft dependency and not included in the pycaret installation. Please run: `pip install cuml` to install.
2026-01-20 20:11:52,948:WARNING:
'cuml' is a soft dependency and not included in the pycaret installation. Please run: `pip install cuml` to install.
2026-01-20 20:11:52,948:WARNING:
'cuml' is a soft dependency and not included in the pycaret installation. Please run: `pip install cuml` to install.
2026-01-20 20:11:52,948:WARNING:
'cuml' is a soft dependency and not included in the pycaret installation. Please run: `pip install cuml` to install.
2026-01-20 20:16:05,119:WARNING:
'cuml' is a soft dependency and not included in the pycaret installation. Please run: `pip install cuml` to install.
2026-01-20 20:16:05,119:WARNING:
'cuml' is a soft dependency and not included in the pycaret installation. Please run: `pip install cuml` to install.
2026-01-20 20:16:05,119:WARNING:
'cuml' is a soft dependency and not included in the pycaret installation. Please run: `pip install cuml` to install.
2026-01-20 20:16:05,119:WARNING:
'cuml' is a soft dependency and not included in the pycaret installation. Please run: `pip install cuml` to install.
2026-01-20 20:16:55,923:WARNING:
'cuml' is a soft dependency and not included in the pycaret installation. Please run: `pip install cuml` to install.
2026-01-20 20:16:55,923:WARNING:
'cuml' is a soft dependency and not included in the pycaret installation. Please run: `pip install cuml` to install.
2026-01-20 20:16:55,923:WARNING:
'cuml' is a soft dependency and not included in the pycaret installation. Please run: `pip install cuml` to install.
2026-01-20 20:16:55,923:WARNING:
'cuml' is a soft dependency and not included in the pycaret installation. Please run: `pip install cuml` to install.
2026-01-20 20:19:44,430:INFO:PyCaret ClassificationExperiment
2026-01-20 20:19:44,431:INFO:Logging name: clf-default-name
2026-01-20 20:19:44,431:INFO:ML Usecase: MLUsecase.CLASSIFICATION
2026-01-20 20:19:44,431:INFO:version 3.3.2
2026-01-20 20:19:44,431:INFO:Initializing setup()
2026-01-20 20:19:44,431:INFO:self.USI: 7143
2026-01-20 20:19:44,431:INFO:self._variable_keys: {'exp_id', 'y', 'fold_shuffle_param', 'y_test', 'html_param', 'idx', 'pipeline', 'gpu_n_jobs_param', 'target_param', 'X_train', 'fix_imbalance', 'log_plots_param', 'gpu_param', 'fold_generator', 'seed', 'exp_name_log', '_ml_usecase', 'memory', 'n_jobs_param', '_available_plots', 'is_multiclass', 'logging_param', 'X_test', 'data', 'USI', 'fold_groups_param', 'X', 'y_train'}
2026-01-20 20:19:44,431:INFO:Checking environment
2026-01-20 20:19:44,431:INFO:python_version: 3.10.19
2026-01-20 20:19:44,431:INFO:python_build: ('main', 'Oct  9 2025 15:25:03')
2026-01-20 20:19:44,431:INFO:machine: arm64
2026-01-20 20:19:44,475:INFO:platform: macOS-26.2-arm64-arm-64bit
2026-01-20 20:19:44,475:INFO:Memory: svmem(total=8589934592, available=1902985216, percent=77.8, used=3406921728, free=60555264, active=1857093632, inactive=1694908416, wired=1549828096)
2026-01-20 20:19:44,475:INFO:Physical Core: 8
2026-01-20 20:19:44,475:INFO:Logical Core: 8
2026-01-20 20:19:44,475:INFO:Checking libraries
2026-01-20 20:19:44,476:INFO:System:
2026-01-20 20:19:44,476:INFO:    python: 3.10.19 (main, Oct  9 2025, 15:25:03) [Clang 17.0.0 (clang-1700.3.19.1)]
2026-01-20 20:19:44,476:INFO:executable: /Users/munagalajagadeeswar/automl/.venv/bin/python
2026-01-20 20:19:44,476:INFO:   machine: macOS-26.2-arm64-arm-64bit
2026-01-20 20:19:44,476:INFO:PyCaret required dependencies:
2026-01-20 20:19:44,478:WARNING:/Users/munagalajagadeeswar/automl/.venv/lib/python3.10/site-packages/_distutils_hack/__init__.py:30: UserWarning: Setuptools is replacing distutils. Support for replacing an already imported distutils is deprecated. In the future, this condition will fail. Register concerns at https://github.com/pypa/setuptools/issues/new?template=distutils-deprecation.yml
  warnings.warn(

2026-01-20 20:22:37,170:WARNING:
'cuml' is a soft dependency and not included in the pycaret installation. Please run: `pip install cuml` to install.
2026-01-20 20:22:37,170:WARNING:
'cuml' is a soft dependency and not included in the pycaret installation. Please run: `pip install cuml` to install.
2026-01-20 20:22:37,170:WARNING:
'cuml' is a soft dependency and not included in the pycaret installation. Please run: `pip install cuml` to install.
2026-01-20 20:22:37,170:WARNING:
'cuml' is a soft dependency and not included in the pycaret installation. Please run: `pip install cuml` to install.
2026-01-20 20:23:34,266:INFO:PyCaret ClassificationExperiment
2026-01-20 20:23:34,266:INFO:Logging name: clf-default-name
2026-01-20 20:23:34,266:INFO:ML Usecase: MLUsecase.CLASSIFICATION
2026-01-20 20:23:34,266:INFO:version 3.3.2
2026-01-20 20:23:34,266:INFO:Initializing setup()
2026-01-20 20:23:34,266:INFO:self.USI: 06d2
2026-01-20 20:23:34,266:INFO:self._variable_keys: {'data', 'fix_imbalance', 'html_param', 'y_train', 'log_plots_param', 'exp_name_log', 'seed', 'memory', 'fold_shuffle_param', 'is_multiclass', 'X', 'exp_id', '_available_plots', 'logging_param', 'n_jobs_param', 'target_param', 'gpu_n_jobs_param', 'USI', 'X_test', 'pipeline', 'fold_generator', '_ml_usecase', 'gpu_param', 'idx', 'fold_groups_param', 'X_train', 'y', 'y_test'}
2026-01-20 20:23:34,266:INFO:Checking environment
2026-01-20 20:23:34,266:INFO:python_version: 3.10.19
2026-01-20 20:23:34,266:INFO:python_build: ('main', 'Oct  9 2025 15:25:03')
2026-01-20 20:23:34,266:INFO:machine: arm64
2026-01-20 20:23:34,295:INFO:platform: macOS-26.2-arm64-arm-64bit
2026-01-20 20:23:34,295:INFO:Memory: svmem(total=8589934592, available=1863925760, percent=78.3, used=3336830976, free=123682816, active=1754955776, inactive=1727840256, wired=1581875200)
2026-01-20 20:23:34,295:INFO:Physical Core: 8
2026-01-20 20:23:34,295:INFO:Logical Core: 8
2026-01-20 20:23:34,295:INFO:Checking libraries
2026-01-20 20:23:34,295:INFO:System:
2026-01-20 20:23:34,295:INFO:    python: 3.10.19 (main, Oct  9 2025, 15:25:03) [Clang 17.0.0 (clang-1700.3.19.1)]
2026-01-20 20:23:34,295:INFO:executable: /Users/munagalajagadeeswar/automl/.venv/bin/python
2026-01-20 20:23:34,295:INFO:   machine: macOS-26.2-arm64-arm-64bit
2026-01-20 20:23:34,295:INFO:PyCaret required dependencies:
2026-01-20 20:23:34,297:WARNING:/Users/munagalajagadeeswar/automl/.venv/lib/python3.10/site-packages/_distutils_hack/__init__.py:30: UserWarning: Setuptools is replacing distutils. Support for replacing an already imported distutils is deprecated. In the future, this condition will fail. Register concerns at https://github.com/pypa/setuptools/issues/new?template=distutils-deprecation.yml
  warnings.warn(

2026-01-20 20:24:46,474:WARNING:
'cuml' is a soft dependency and not included in the pycaret installation. Please run: `pip install cuml` to install.
2026-01-20 20:24:46,474:WARNING:
'cuml' is a soft dependency and not included in the pycaret installation. Please run: `pip install cuml` to install.
2026-01-20 20:24:46,474:WARNING:
'cuml' is a soft dependency and not included in the pycaret installation. Please run: `pip install cuml` to install.
2026-01-20 20:24:46,474:WARNING:
'cuml' is a soft dependency and not included in the pycaret installation. Please run: `pip install cuml` to install.
2026-01-20 20:28:13,118:WARNING:
'cuml' is a soft dependency and not included in the pycaret installation. Please run: `pip install cuml` to install.
2026-01-20 20:28:13,118:WARNING:
'cuml' is a soft dependency and not included in the pycaret installation. Please run: `pip install cuml` to install.
2026-01-20 20:28:13,118:WARNING:
'cuml' is a soft dependency and not included in the pycaret installation. Please run: `pip install cuml` to install.
2026-01-20 20:28:13,118:WARNING:
'cuml' is a soft dependency and not included in the pycaret installation. Please run: `pip install cuml` to install.
2026-01-20 20:30:16,566:WARNING:
'cuml' is a soft dependency and not included in the pycaret installation. Please run: `pip install cuml` to install.
2026-01-20 20:30:16,567:WARNING:
'cuml' is a soft dependency and not included in the pycaret installation. Please run: `pip install cuml` to install.
2026-01-20 20:30:16,567:WARNING:
'cuml' is a soft dependency and not included in the pycaret installation. Please run: `pip install cuml` to install.
2026-01-20 20:30:16,567:WARNING:
'cuml' is a soft dependency and not included in the pycaret installation. Please run: `pip install cuml` to install.
2026-01-20 20:33:37,427:WARNING:
'cuml' is a soft dependency and not included in the pycaret installation. Please run: `pip install cuml` to install.
2026-01-20 20:33:37,427:WARNING:
'cuml' is a soft dependency and not included in the pycaret installation. Please run: `pip install cuml` to install.
2026-01-20 20:33:37,427:WARNING:
'cuml' is a soft dependency and not included in the pycaret installation. Please run: `pip install cuml` to install.
2026-01-20 20:33:37,427:WARNING:
'cuml' is a soft dependency and not included in the pycaret installation. Please run: `pip install cuml` to install.
2026-01-20 20:37:54,087:WARNING:
'cuml' is a soft dependency and not included in the pycaret installation. Please run: `pip install cuml` to install.
2026-01-20 20:37:54,087:WARNING:
'cuml' is a soft dependency and not included in the pycaret installation. Please run: `pip install cuml` to install.
2026-01-20 20:37:54,087:WARNING:
'cuml' is a soft dependency and not included in the pycaret installation. Please run: `pip install cuml` to install.
2026-01-20 20:37:54,087:WARNING:
'cuml' is a soft dependency and not included in the pycaret installation. Please run: `pip install cuml` to install.
2026-01-20 20:39:07,041:INFO:PyCaret ClassificationExperiment
2026-01-20 20:39:07,042:INFO:Logging name: clf-default-name
2026-01-20 20:39:07,042:INFO:ML Usecase: MLUsecase.CLASSIFICATION
2026-01-20 20:39:07,042:INFO:version 3.3.2
2026-01-20 20:39:07,042:INFO:Initializing setup()
2026-01-20 20:39:07,042:INFO:self.USI: 0400
2026-01-20 20:39:07,042:INFO:self._variable_keys: {'fold_shuffle_param', 'memory', 'gpu_n_jobs_param', 'y', 'X_test', 'y_test', '_ml_usecase', 'logging_param', 'USI', 'target_param', 'fold_groups_param', 'fix_imbalance', 'X', '_available_plots', 'data', 'seed', 'pipeline', 'html_param', 'gpu_param', 'log_plots_param', 'exp_id', 'idx', 'n_jobs_param', 'X_train', 'fold_generator', 'is_multiclass', 'y_train', 'exp_name_log'}
2026-01-20 20:39:07,042:INFO:Checking environment
2026-01-20 20:39:07,042:INFO:python_version: 3.10.19
2026-01-20 20:39:07,042:INFO:python_build: ('main', 'Oct  9 2025 15:25:03')
2026-01-20 20:39:07,042:INFO:machine: arm64
2026-01-20 20:39:07,092:INFO:platform: macOS-26.2-arm64-arm-64bit
2026-01-20 20:39:07,093:INFO:Memory: svmem(total=8589934592, available=1617035264, percent=81.2, used=3226140672, free=63373312, active=1569488896, inactive=1547124736, wired=1656651776)
2026-01-20 20:39:07,093:INFO:Physical Core: 8
2026-01-20 20:39:07,093:INFO:Logical Core: 8
2026-01-20 20:39:07,093:INFO:Checking libraries
2026-01-20 20:39:07,093:INFO:System:
2026-01-20 20:39:07,093:INFO:    python: 3.10.19 (main, Oct  9 2025, 15:25:03) [Clang 17.0.0 (clang-1700.3.19.1)]
2026-01-20 20:39:07,093:INFO:executable: /Users/munagalajagadeeswar/automl/.venv/bin/python
2026-01-20 20:39:07,093:INFO:   machine: macOS-26.2-arm64-arm-64bit
2026-01-20 20:39:07,093:INFO:PyCaret required dependencies:
2026-01-20 20:39:07,095:WARNING:/Users/munagalajagadeeswar/automl/.venv/lib/python3.10/site-packages/_distutils_hack/__init__.py:30: UserWarning: Setuptools is replacing distutils. Support for replacing an already imported distutils is deprecated. In the future, this condition will fail. Register concerns at https://github.com/pypa/setuptools/issues/new?template=distutils-deprecation.yml
  warnings.warn(

